2.448673680169473690e-02 2.224253723588809351e-02 7.528489220808067331e-03 1.865873940281689500e-02 5.017802046137210398e-02 3.395977453060134571e-02 1.135211773431124387e-02 2.327069714432995762e-02 1.089980558037284726e-02 1.861225409969513925e-02
9.392597308967994343e-03 3.717585017927842878e-02 1.286848995566378800e-02 2.454534411382374229e-02 1.830317300746972173e-02 4.319609652595512994e-02 2.755547097543949858e-02 3.190560869867754834e-02 2.390058363533910032e-02 2.717125280859450029e-02
2.364828193265922085e-02 1.545071432469619088e-02 1.447087349517828421e-02 9.765982869399334951e-03 6.380962669599199444e-02 9.290498008943443020e-02 2.791069150879586097e-02 6.445701804762195286e-02 6.229450435115584106e-02 4.119394782361442131e-02
5.283268360135331271e-02 2.975929579629095489e-02 6.470630603247691515e-02 6.187688442042285630e-02 2.370099414467280452e-02 5.260662311347587272e-02 1.987252414189563318e-02 8.954349553672894327e-03 9.720839445985136190e-03 6.475755647952025074e-02
5.673174615354014544e-02 1.260137760309041309e-02 6.636685494284225162e-02 1.412510955915776377e-02 1.451041944683204542e-02 2.077380250639086767e-02 1.802707368499741405e-02 2.621946273002731878e-02 1.776621650442578026e-02 7.381733984065187541e-03
1.494217108690057937e-02 6.282538803347313683e-02 1.134623125883180671e-02 2.920587468016582269e-02 3.302889050511571833e-02 1.420114929599591500e-02 1.536970817715531401e-02 2.011431827060550584e-02 1.621465954903858822e-02 3.967505289204995705e-02
1.459780312926959277e-02 2.897827485827034200e-02 1.117105307537219656e-02 1.428472809099652283e-02 7.145795255499595711e-02 6.793886411655626102e-03 1.726245760268748167e-02 7.201649642444792054e-02 4.820488582800702693e-02 9.372683977345051820e-03
2.581933966219070523e-02 1.516159054876923748e-02 2.842404335314482888e-02 2.550627902018080817e-02 6.146240887519526658e-02 1.018002070867590064e-02 2.021246013192087854e-02 7.994189192405636024e-02 7.307374845364299557e-03 2.089310228769504854e-02
1.413992027932532355e-02 2.460235257860995256e-02 6.542359453566384819e-02 7.885358444338188069e-03 6.588487363233190564e-02 2.264694690304119504e-02 1.986247376568994055e-02 1.209769743105510234e-02 1.261189562891276879e-02 3.622006097161636212e-02
2.355877060336018097e-02 2.336642951231111820e-02 1.123004923409658129e-02 1.743610202766913628e-02 1.078417822436312200e-02 1.476533443508871168e-01 4.147165803690781860e-02 1.491358785840749338e-02 1.442051057310419875e-02 1.274917846201594623e-02
1.373096162395289095e-02 2.790646689148360005e-02 1.141780061370592167e-02 1.343694053052047442e-02 1.802028323975111979e-02 1.709780675096225777e-02 4.330596821163879007e-02 3.295482661329619117e-02 7.760809621059222736e-03 3.153888553540042800e-02
1.291398454063722064e-02 3.369190849334580823e-02 3.853756044562026833e-02 3.490555343708672681e-02 1.989686930502830575e-02 2.251905219811724604e-02 1.787643312489469588e-02 1.661450599482142132e-02 1.694645447655123219e-02 4.230717005619781534e-02
2.258408531391787460e-02 8.986783132286706166e-02 1.841670440322361324e-02 4.046124397748489254e-02 1.316117467627018686e-02 1.593509873749789432e-02 1.011983910068758354e-02 2.302103813804218593e-02 1.966472650730198904e-02 2.762021020732283519e-02
5.319030017501499841e-02 3.238990319755802316e-02 2.330092824841678567e-02 1.568387919078955209e-02 2.303113092320300745e-02 2.455283671230997292e-02 5.864733039505313356e-02 1.763030121700257663e-02 1.608657062416112005e-02 4.669379426898030705e-02
1.401889661763021724e-02 1.260422658304963597e-02 1.524327093014824289e-02 1.830228458893790738e-02 1.786252596505106052e-02 1.645977319492475735e-02 5.054393984810018337e-02 2.733687015369331424e-02 1.686772079749436146e-02 1.350751638609264636e-02
3.736808774128690808e-02 1.010703233933367071e-02 2.759266800887082149e-02 9.973002850952088216e-03 1.358810807563875546e-02 1.124965994217413945e-02 4.150253135809019167e-02 1.297700803237512683e-02 1.779026577783856394e-02 2.361399782485967130e-02
2.923455206619589991e-02 1.129278232276482302e-02 5.406103510969560710e-02 6.531507971896065301e-02 1.728608113868651194e-02 3.465618776815511393e-02 2.821705596097069321e-02 3.046587823741054094e-02 2.075705990869809725e-02 1.607652083631079185e-02
2.859659852852199785e-02 3.611805377384005866e-02 1.273484696391509290e-02 9.539291282580094830e-03 3.941715962079336139e-02 9.053266728075760189e-03 1.511562563417642030e-02 8.382543986765965058e-03 2.081843743132226476e-02 1.333972690994006741e-02
9.774255421745070213e-03 2.383390868813786007e-02 3.895833247037001987e-03 1.959435711601946115e-02 1.964553085172999689e-02 2.835665185132665855e-02 4.441982979657435604e-02 3.641766650898366209e-02 2.395987519154039666e-02 1.610571732573439982e-02
1.168831972819193987e-02 2.336138888834343730e-02 2.830765831332145155e-02 1.416893660452148325e-02 1.236743450672370299e-02 8.460412592222075687e-03 2.382343372815448612e-02 4.125393795005750236e-02 2.036549569633974363e-02 6.150807999169332664e-03
