1.171319143382606454e-01 1.202770327649592685e-01 1.412256388172522525e-01 1.851217889572626674e-01 1.034328558841557943e-01 1.072039395639910325e-01 7.278849295834186051e-02 6.379214062204095759e-02 9.714489669415572737e-02 5.350924809727503756e-02
1.282463491289570490e-01 1.261869098186206017e-01 1.071339683305299467e-01 2.363009947197311222e-01 2.302597553533944630e-01 1.469549174477820797e-01 1.906439823176506176e-01 1.059563009078580975e-01 1.266660565641620495e-01 3.143611679032089490e-01
2.683509644634936575e-01 4.196897662576046795e-01 1.171849702320353626e-01 3.833054658588238017e-01 3.641203551374371239e-01 3.164762583675161389e-01 4.191023814984156659e-01 1.776157210891071148e-01 3.529335674121195088e-01 2.068964460148402795e-01
8.989795649692119417e-01 4.964737041215241398e-01 1.467891506202779750e+00 2.879275994400806726e-01 5.601564960852151165e-01 3.918640705834278148e-01 3.845960234881057316e-01 2.099957719972648518e-01 2.662331112090928764e-01 3.859800946227988083e-01
2.859213517745346489e-01 9.832806792689089415e-01 2.066143610667801889e-01 4.164070803799999609e-01 3.598890645425800172e-01 2.606663963733676925e-01 4.215348735572677086e-01 2.911035692565869248e-01 4.479071189418949439e-01 1.738527548942237211e-01
6.408214489338496245e-01 3.283545626119870886e-01 2.882849977430288479e-01 5.495070165662436779e-01 5.207725643868542642e-01 4.403934216076729191e-01 2.531552040556070415e-01 6.312293412221470223e-01 1.006799775003277775e+00 5.840450893458494219e-01
4.705964219068637377e-01 7.790472840155604484e-01 7.589038098425266998e-01 5.171350625962095604e-01 4.869223040573681383e-01 4.544593899504307810e-01 1.009602441560133235e+00 9.500678816558536521e-01 4.670748272113281474e-01 1.561054343659958654e+00
4.809144320094238534e-01 9.214442466730230485e-01 4.001001772746892171e-01 5.741409686917919863e-01 1.040043582663105592e+00 1.009910903258351089e+00 5.604027741018422493e-01 7.429705379213636940e-01 4.105718228506065604e-01 8.444276235413883391e-01
2.835435384169118778e-01 1.477603200574823861e+00 1.246919585896754779e+00 4.839799800293109189e-01 4.959700341499174714e-01 6.487410436681834147e-01 5.898909345015291850e-01 5.679914115198018143e-01 7.480641288202632966e-01 5.802479470421219032e-01
3.783622618159199202e-01 1.127088645945498957e+00 4.619473261876103076e-01 1.338527496081934887e+00 5.709882592894465203e-01 8.819587858082731380e-01 6.169151329572153397e-01 9.547181490606783116e-01 6.846288970302956134e-01 5.167051900620471816e-01
7.380991475779332678e-01 7.681002674351322668e-01 4.497761658513326766e-01 9.058891961446907670e-01 6.874250002979211960e-01 8.003536136078622798e-01 1.153986939850797366e+00 8.984018794409879272e-01 1.031298361427140264e+00 4.956041408288529015e-01
5.480125971274466545e-01 1.324290191062426070e+00 9.830713864641984490e-01 9.727637078961334227e-01 8.551910169399844497e-01 7.941411538558634797e-01 1.122073245850887746e+00 1.283700688055193329e+00 6.589663415723671092e-01 1.789450055860402511e+00
8.933380687122531860e-01 3.293495040875940916e+00 8.051248605764744770e-01 1.012021706720797942e+00 1.386730752458792182e+00 1.241166168216900179e+00 1.221870420884666020e+00 1.692302211397507250e+00 8.341886657628615476e-01 1.188047420960282263e+00
8.419078242179268701e-01 1.501708855842052381e+00 1.767170658196984157e+00 5.583404766083991388e-01 1.676210091493213650e+00 1.191079905709605313e+00 1.005594594620005555e+00 1.386341082812058589e+00 1.535761959003488109e+00 1.382085023356374842e+00
2.410716928948237747e+00 1.045580638853632616e+00 2.487346217707931739e+00 1.025517591817019625e+00 1.119103921872188545e+00 1.434735413269511151e+00 2.074816335151679958e+00 9.049609951888798465e-01 1.218400846679583038e+00 6.564673983387303569e-01
1.190314418203140878e+00 1.658328020029355088e+00 4.249949329220123140e+00 2.006628165206102654e+00 1.406612871711829138e+00 1.664322233203673562e+00 1.077837321196852827e+00 1.379687810733983389e+00 2.174945260081381893e+00 9.223310156296463669e-01
1.779879095434761416e+00 1.786300663577153891e+00 1.968706235197810850e+00 7.396401300680109925e-01 9.661532421917206070e-01 1.341194340012167974e+00 2.160436251864469526e+00 1.773354443419874249e+00 1.786314460516136959e+00 2.761659369818725285e+00
3.725468970000011648e+00 1.483686395302910688e+00 2.156212169231581655e+00 1.290946121793122181e+00 1.300808206150217972e+00 1.583064783894782224e+00 1.004571993722791268e+00 1.246395071278123989e+00 5.479240157136639588e+00 1.692165550124228535e+00
1.389115075119867981e+00 2.093116822285877809e+00 8.382228627850056846e-01 3.122155895373975643e+00 2.062417125515399352e+00 1.280578587017568770e+00 1.437482896427388912e+00 1.458891608006672058e+00 2.268868392257873623e+00 4.366322746433776381e+00
1.378581417015108501e+00 2.458861398127796694e+00 2.413811989318352946e+00 1.994875959564980539e+00 1.871923391628632860e+00 3.820964381037046831e+00 2.084282330526221472e+00 1.194267486042290383e+00 1.230921202037639439e+00 1.281488437207311870e+00
