2.446106863657961095e-02 2.220673226021537688e-02 7.721116517246690014e-03 1.892564581433471213e-02 5.046582625130118654e-02 3.467143995714752625e-02 1.141890823485169904e-02 2.354953772866620262e-02 1.126235525064727197e-02 1.924741815925662750e-02
9.905299577860317978e-03 3.725969369344626914e-02 1.305865641937014633e-02 2.592730639087567970e-02 1.933450439034139698e-02 4.407158197345332346e-02 2.925978639673519274e-02 3.218104437933184264e-02 2.429397664081681119e-02 2.879587700936480504e-02
2.504211572402464253e-02 1.644212895546687259e-02 1.513735284329387545e-02 1.036648126927802206e-02 6.669843022491397933e-02 9.683701819316184456e-02 2.878990460761301703e-02 6.524775557866771547e-02 6.214863059603903395e-02 4.066123064087481115e-02
5.430236064407664709e-02 2.966960516612113588e-02 6.989030562446017780e-02 6.388562643302751753e-02 2.657410461217162359e-02 5.592107737363563591e-02 2.205245391057523638e-02 1.000228170276139944e-02 1.102934679636268997e-02 6.922737503731442310e-02
5.852537314402579682e-02 1.439185420188890917e-02 6.746452798877171364e-02 1.485870161168766426e-02 1.598254976427503776e-02 2.412205307653637193e-02 1.745266524322549098e-02 2.990685891301114036e-02 1.957454089127748723e-02 8.349772624425091591e-03
1.605042086772143564e-02 6.459863294599718642e-02 1.287848333033326381e-02 3.265321329826580132e-02 3.519072497628022295e-02 1.704834441637920889e-02 1.798508967188326355e-02 2.354855762717454615e-02 1.701193127624216900e-02 4.111282487001013952e-02
1.496797772723108648e-02 3.494545856534493622e-02 1.408622267198430915e-02 1.601112805724271004e-02 7.813813420271174814e-02 7.492825841838241310e-03 2.104291051865380888e-02 7.736882527840342749e-02 5.045658630227160824e-02 1.169365296285259335e-02
2.715918436681275666e-02 1.750689900362980070e-02 2.942220129312820426e-02 2.647127915530336772e-02 6.471942811821600194e-02 1.187195105957392950e-02 2.404898137224747295e-02 7.942889761719836017e-02 9.488263894105496490e-03 2.210353240934441119e-02
1.666683667871309352e-02 2.821591351447701179e-02 6.693448315914707347e-02 1.101738692564708903e-02 7.040270910612113353e-02 2.745834415573996171e-02 2.408522375899312118e-02 1.421467177851754721e-02 1.497731319444268148e-02 4.007107687522523665e-02
2.920359185031316460e-02 2.884700855138729730e-02 1.365533843747068245e-02 2.076768139286777962e-02 1.358831349666475737e-02 1.563479853839592482e-01 4.880217147472948325e-02 1.880209521571536355e-02 1.863551212363842927e-02 1.535251649140630462e-02
1.649428636112053662e-02 3.241389443007521715e-02 1.551642875056731020e-02 1.759095051628367309e-02 2.349731957478325486e-02 2.359155787394349654e-02 5.682757415303937160e-02 4.154155343363923059e-02 9.865407519910178794e-03 4.203542018235138789e-02
1.915225596302128075e-02 4.435733319118675272e-02 4.328231765991123747e-02 4.314703374946677467e-02 2.036705075900123105e-02 2.739430665173074944e-02 2.324663772393483277e-02 2.595150856729953881e-02 2.162356851259351551e-02 5.045733778844697925e-02
3.047813079617856316e-02 1.025269422639674272e-01 2.040738201124438211e-02 5.950700617177219487e-02 1.776744677795585522e-02 1.774418510133919658e-02 1.468861723017653338e-02 2.767628803253117942e-02 2.297633117480396558e-02 3.183958058458968843e-02
5.967886027644275782e-02 3.905394162715610656e-02 2.976257578811999580e-02 2.172926983822098118e-02 3.133001472768105061e-02 3.540758051383300492e-02 6.771215776879994930e-02 2.698248644710465535e-02 2.374523500396275022e-02 6.462063916699579968e-02
2.075026192525367824e-02 1.926955353768933926e-02 2.099117830658800074e-02 2.785897473667699881e-02 2.467166962594999347e-02 2.306285558316790302e-02 6.108443013699110108e-02 3.791814035754792478e-02 2.185178400866907150e-02 1.726065779265140154e-02
4.193615949380942454e-02 1.669363751841087401e-02 3.532261574926799652e-02 1.580246672315956807e-02 2.091569953988141328e-02 1.588376657356964025e-02 6.411752845920702659e-02 1.905208717555247760e-02 2.958038644190517930e-02 3.884412031818034600e-02
2.874463071104560105e-02 1.703624053522133364e-02 7.298819450902217787e-02 7.883298376953241926e-02 2.364434218897036935e-02 4.285770589463169800e-02 3.417438752641328154e-02 4.295652756331756750e-02 2.983460250207894612e-02 2.518640947707811301e-02
4.295541212018148119e-02 4.096424399742842892e-02 1.985744184587940123e-02 1.796399171962556607e-02 5.930983035288904526e-02 1.590455280226753254e-02 2.494218319209725102e-02 1.365656507352817559e-02 4.020674560543544690e-02 2.360123080820158634e-02
1.675266354667796165e+00 3.953089280068387446e+00 7.282351661897764304e-03 2.914141268548022357e+00 2.962460938600195923e-02 1.822438952806205048e+00 6.323365499679980961e-02 3.362983499555091793e+00 3.185450467115351347e-02 2.273211048367189749e-02
1.568523275071869394e+00 3.839356385240842717e-02 3.617339794754489635e+00 2.660179690037539624e-02 3.291680732993177205e+00 1.317830782813153231e-02 3.055783021846753211e+00 5.601281976320583722e-02 1.332446878624746089e+00 2.533888992895621861e+00
