3.115304898261037764e-02 1.249676765047800196e-02 3.163883162338867322e-02 8.466114186554714663e-03 3.323615970287842336e-02 2.256191017780504599e-02 2.135112258576816677e-02 1.713462546564253897e-02 3.288523433383302996e-02 4.528465579110149686e-02
1.916912706609113365e-02 3.703139849778347426e-02 1.861633379589031773e-02 1.988505300571425868e-02 9.310686193078616946e-02 1.130000078490896696e-02 1.819682389394440894e-02 2.983637881348274318e-02 3.408367288142234025e-02 2.378133023861347950e-02
3.031163500023357008e-02 4.098964929549762937e-02 1.462847031379314877e-02 2.146685977363826589e-02 1.046321745221798563e-02 2.000243231186557211e-02 7.326882027879755288e-02 1.755173998453040882e-02 1.858906384364096553e-02 5.621416743750860812e-02
2.340135051029777410e-02 1.193751528430992553e-02 1.026853387390014825e-02 3.129129539473885641e-02 2.187263581790574798e-02 4.064485798832868924e-02 6.336367694577683951e-02 4.938257346238939666e-02 5.121743172152739415e-02 7.483325047661520957e-02
2.064676938974312204e-02 3.413922088098644142e-02 7.054410062481020205e-02 7.926270564645707117e-02 1.005379360789965953e-02 3.916272364679775769e-02 2.924031114057205893e-02 2.083121604618049655e-02 2.593780769291717525e-02 4.197756990631306556e-02
6.895667188915603762e-02 8.161783610172412828e-02 1.032428987208188452e-02 1.353392155257182421e-02 2.860978098759698121e-02 1.357601221412578149e-02 1.504943081915468758e-02 3.283923573624032699e-02 8.697362501843378668e-01 1.005284059849654993e-01
4.842481206783633696e-01 3.994772434168102071e-02 2.094499071889204672e-02 3.838332954774467676e-02 3.282928997295276458e-02 1.488848553061242891e-02 3.826326599301742015e-01 1.845522922133509269e-02 7.741731231470705410e-01 1.918661959672318673e-02
4.229348083095760963e-02 6.779863586555964217e-01 5.071442636557466077e-01 1.145623364962326640e+00 1.888026537512510483e-02 2.426343415350052518e-02 2.156455185340003591e-02 2.928461176993999576e-02 5.373420711270344985e-02 3.055426663442785407e-02
5.068168575423455113e-01 3.728619856378907055e-02 1.419716480336809861e+00 9.275059092178002951e-01 1.231110380882138422e+00 8.264013475105932427e-01 4.946265531593926207e-02 3.060430574052199273e-02 3.853842743319023378e-02 4.546508883486432423e-02
5.146925104708813814e-01 1.214987859097080625e+00 4.426340785977645464e-01 1.901164663460475079e-02 5.636661203816323469e-03 6.277163409351730339e-01 5.572718922628433491e-01 7.461482283808519300e-01 8.838141393729839201e-01 2.141829815006703400e-02
5.805581669570580861e-02 1.779866826050993556e+00 1.013928229199586140e+00 6.144971136906374198e-01 1.873955787373559057e+00 4.830743131971824145e-01 8.153040476635526890e-01 9.361476560339153652e-01 4.147529787496638809e-01 8.094089259768627587e-01
3.267136728535368628e-01 1.020302085800875336e+00 2.456310977503262105e-02 9.015497620976935522e-01 5.750541627185541405e-01 1.126663986301217335e+00 3.844358069725791610e-02 7.831292238786276005e-01 5.867340084519893084e-01 1.054329027757663351e+00
8.128517048906865883e-01 6.558319027727150807e-01 6.325185147560661303e-01 1.362422780923542742e+00 8.857146234611708024e-01 6.549906811231243076e-01 9.075435680776920977e-01 1.218971473126059246e-01 6.034106862144754668e-01 8.811102504497236865e-01
1.199544964694084559e+00 1.517075942389219501e+00 1.305803320177752136e+00 8.594419918414558657e-01 1.391726971558966408e+00 1.404620474486189430e+00 2.570705017350931321e-02 1.150670677869221503e+00 1.591608670044335483e+00 1.173258553218202271e+00
5.900571635211454558e-01 1.122206528678688420e+00 1.467888342124785916e+00 1.807400237883609151e+00 1.144501330528219230e+00 6.632992350386424096e-01 2.602912829508700551e-02 1.373114508772869558e+00 1.594173427098178220e+00 4.711070153310523145e-01
3.859394565152029610e+00 1.329831655522693667e+00 9.890074031120269504e-01 1.315456890931384626e+00 1.103696771475721983e+00 7.731084159166793368e-01 1.400364176907505254e+00 7.877825693653484063e-01 1.232917422765585469e+00 7.835623759359023888e-01
1.118136927703946792e+00 9.584321486104622201e-01 2.047187519120622134e+00 1.209510310559427149e+00 1.300582666546872684e-02 9.966519176801017510e-01 1.015784822958302192e+00 6.800614070034975978e-01 8.566813027428918925e-01 2.745051624475716712e-02
1.835197731434669022e+00 1.007256366064310571e+00 2.011065245917045718e+00 1.287739828567186162e+00 1.322636942656671755e+00 1.167424713722591267e+00 6.411896670946122256e-01 7.084844219714612201e-01 1.125274586304748192e+00 1.297656344902906378e+00
1.921800084991560631e+00 9.400439811792439260e-01 1.882153492685131324e+00 1.544839438351493843e+00 1.463677057399482173e+00 1.237136145777774088e+00 1.195521014280740868e+00 1.367493462562281215e+00 1.250639200753788316e+00 2.968726491887328400e+00
1.550362771722705979e+00 2.334417087257759427e+00 1.416939953441274547e+00 2.062806397419491233e+00 1.264369151045636297e+00 2.134940355899916931e+00 3.420927007965429922e+00 9.824139285270276911e-01 1.471413093808365158e+00 1.114018580725345986e+00
