5.401279522162233393e-01 5.297302798082303976e-01 1.202196401423038186e+00 5.949757276484354263e-01 1.892697992507041516e+00 8.253707440558785136e-01 1.351787801693393298e+00 1.451168367920665059e+00 1.114864918687065831e+00 9.893833902474920006e-01
1.139810073292936599e+00 1.332425406040726124e+00 7.254418755538479813e-01 1.069357734945541871e+00 1.121051570598281755e+00 1.124377217135153151e+00 6.144539680943108539e-01 4.854717960791985476e-01 1.297708638143041160e+00 6.187676442499273621e-01
6.116920532420468959e-01 6.805661848321403751e-01 6.429908217814507276e-01 1.359766512522491366e+00 5.959613153874586677e-01 5.279088640242156627e-01 8.201021428187885709e-01 4.267534265661031556e-01 5.149131995757469937e-01 7.227358159178297603e-01
9.749197565499460039e-01 6.737834288066443245e-01 6.873181096085990704e-01 6.750333159965811181e-01 8.595873227520669513e-01 6.963084286379819243e-01 1.825671720754134641e+00 7.866333740056727919e-01 9.963966059414348653e-01 9.629275545521578383e-01
1.336530328272400370e+00 6.060634541068283809e-01 6.316183460031261632e-01 1.560146566737791618e+00 7.452826197376893891e-01 3.913727910444820268e-01 4.854321177739795434e-01 7.963978670818298022e-01 1.229380415932862292e+00 1.359437892790141822e+00
7.806926975401005109e-01 1.425481936077532819e+00 1.055878850969881766e+00 5.203577161084727010e-01 1.535813013843558617e+00 1.112339502897393473e+00 1.032024447591229910e+00 9.402174453411138444e-01 4.641124838571799582e-01 1.372901547865214011e+00
1.311033986588760136e+00 1.309347843555491497e+00 4.997800243197686454e-01 1.164352005895947118e+00 1.167719549499277365e+00 1.142372336682320855e+00 9.009393168887174230e-01 9.870055605254605124e-01 1.104037420671925451e+00 4.564740138121256563e-01
1.191798244268215567e+00 1.344710781162454349e+00 1.118885006309303209e+00 5.759563420530943167e-01 7.971805724034181084e-01 1.811244680845003119e+00 6.345466306801279543e-01 1.043150678483198091e+00 1.167936093279205556e+00 1.175784877798912165e+00
4.942783363373574601e-01 6.785864993742741769e-01 1.251103491195568962e+00 1.346279844922001923e+00 5.384722950199473113e-01 4.559345958264174326e-01 1.217351810960945580e+00 8.017445736816264379e-01 9.471827549494936660e-01 9.612505467959454597e-01
4.597891841167482396e-01 2.166022264024397792e+00 1.372717583712796952e+00 1.842401056083039279e+00 9.999932727493335838e-01 1.580378283730138778e+00 4.058105826801042815e-01 6.866382078536218403e-01 1.292543831885153427e+00 2.222129108575937373e+00
1.096009700066546078e+00 2.176932309009281585e+00 8.846695599192572201e-01 1.115983545619261497e+00 6.706669778898104450e-01 1.252711544221365880e+00 6.011138588292193052e-01 9.664487067978382306e-01 7.714691027695165237e-01 1.290478440101597846e+00
9.209401878771231731e-01 1.465601654686105038e+00 1.434409523749028192e+00 1.033169609229208863e+00 9.439466815217438800e-01 1.178369812329211008e+00 2.338735963007227525e+00 2.971366877901797099e-01 9.154245468591932777e-01 1.471722999807455468e+00
1.098052992161858699e+00 4.815593789216761622e-01 1.041956787483001134e+00 1.245314517063180748e+00 9.518879177624156585e-01 5.332883995997873550e-01 1.217183355742211592e+00 9.150922280362417949e-01 1.445508607825672254e+00 1.149970169504783257e+00
1.373449667306722910e+00 1.283016334706281070e+00 1.358938351983770998e+00 1.086550607240557076e+00 4.503731606118517306e-01 1.807941242208867871e+00 7.200347427593603022e-01 1.312834364997706560e+00 2.449692270970984076e+00 1.074182925888254037e+00
6.630737655025200628e-01 9.599098230338066751e-01 1.503032467350260415e+00 1.364563521395363743e+00 1.331221981827395817e+00 4.865497555894980342e-01 2.641228865430493400e+00 2.145890787816611134e+00 7.964785369489222333e-01 7.031184618249759488e-01
3.650097241275263471e+00 1.889369198981191600e+00 8.933325175283373110e-01 1.006532209633084873e+00 8.108820686103264119e-01 4.795512488661223816e-01 1.530780303902936845e+00 9.579870493502121720e-01 1.482169215227461034e+00 4.769162201674960744e-01
6.778830721078101806e-01 1.099078551072016907e+00 1.867431795283004847e+00 1.868328296748718031e+00 1.389459750957834139e+00 1.787778623057029392e+00 4.832573765113408748e-01 9.891955509712988537e-01 1.066113343118305856e+00 1.538125684022366269e+00
2.163571107961327122e+00 6.471517039842262786e-01 1.903141791839977559e+00 2.486077108075165132e+00 1.537186895435621370e+00 1.010600647488445469e+00 1.174537965441992737e+00 8.588746437605676576e-01 1.155004923271457207e+00 2.009387272614471254e+00
1.894308781788837326e+00 1.465769758966580349e+00 1.727800684844144952e+00 1.212090841106105321e+00 8.366714002424238128e-01 1.057015775441972893e+00 9.730429143173313644e-01 1.526578703897115474e+00 1.492828266198102050e+00 3.122972306025548317e+00
9.954999766030953046e-01 1.844871275722032022e+00 1.300328424374089353e+00 2.095234496276339176e+00 1.637575897404616843e+00 2.895168405283929935e+00 2.468672837020441158e+00 1.377772514817382277e+00 1.909441070369559679e+00 1.215311630622802230e+00
