3.077796617526643713e-02 1.222060931099250812e-02 3.154494578553439926e-02 8.262393791583869454e-03 2.974626671034117514e-02 1.990305930923170347e-02 2.117091825690781484e-02 1.673530069189023070e-02 3.271809190868363998e-02 4.515344309433241832e-02
1.804997324964641506e-02 3.644389137606741241e-02 1.783306451870095635e-02 1.868565919944862458e-02 8.494059036670019436e-02 1.126179131133357193e-02 1.776532073355273703e-02 2.890101287989434165e-02 3.371371927125152435e-02 2.346862541863900878e-02
2.800909749389009218e-02 4.018239881998506707e-02 1.234007510966518215e-02 2.027030095732415549e-02 1.015302314311763814e-02 1.863043715979244633e-02 7.260774293544629276e-02 1.692267321450514200e-02 1.787783039882074113e-02 3.568078365426490678e-02
3.504510444000649705e-02 8.100072612900608565e-03 8.852085009455622905e-03 2.911878554062351590e-02 2.132601435657667174e-02 2.722672529745099809e-02 4.700624639281565653e-02 4.840807322083490183e-02 2.853687775192105536e-02 2.415232174343580340e-02
1.891525276908404343e-02 3.307047234753215936e-02 4.683419317025891426e-02 1.751900969708053771e-02 1.021410025406170249e-02 3.909219883231022236e-02 2.833059492871691301e-02 2.027396409887453899e-02 2.644223609899153463e-02 3.824768900585032855e-02
3.244797242944236215e-02 4.351133295710049587e-02 1.082312620277214171e-02 1.214210173257323708e-02 1.415453816328919243e-02 1.115733518482556370e-02 1.128964127028503177e-02 1.703453969010421468e-02 4.092774007863201474e-02 6.269364602187497276e-03
3.820013354159394747e-02 3.526405654399049350e-02 1.656999438972607541e-02 3.529218941268827403e-02 2.066565550471444884e-02 1.797141966545135611e-02 2.890754017549615126e-02 1.138686964821827158e-02 1.071438285119735191e-02 1.529602894672627521e-02
2.846906227982136384e-02 4.154862281021007298e-02 1.124359112306283631e-01 1.676246877154568757e-02 1.634260207727172148e-02 3.713121995167279615e-02 1.424785461412837219e-02 2.652908667635276926e-02 6.028149464237281957e-02 2.603397730133262880e-02
1.781725178495106171e-02 2.247619400388710734e-02 9.316942375222281997e-03 2.900342857105450006e-02 5.004787773509851434e-02 1.257021581190316886e-02 4.889271781687642981e-02 1.328080287443247215e-02 1.064507761518991916e-02 3.252057465499309102e-02
3.056337318543013784e-02 2.528445113503945477e-02 2.831605891239022052e-02 1.428235799159308442e-02 4.216108667731114854e-03 2.687548491939788578e-02 1.165473925804369135e-02 9.603925169579457383e-03 1.336058918725937204e-02 1.721509543936702857e-02
2.047838280041245490e-02 2.601132759276000850e-02 4.669391395743187345e-02 1.552090014867940973e-02 3.421575974130047770e-02 1.617377107561296032e-02 1.246207163577261329e-02 2.475207778368164468e-02 2.823627136611749425e-02 1.674726701813087151e-02
1.287287928450320251e-02 4.349068150716929593e-03 1.884328828748959780e-02 8.603219637550339402e-03 8.784219202796116066e-03 1.646394277494364067e-01 3.732831171059945025e-02 3.189015284775519044e-02 3.976434581215503722e-02 2.558400198515764848e-02
3.232356602357262104e-02 3.580786066704216841e-02 3.706306737364822163e-02 2.357985119923391298e-02 1.291207800370386231e-02 2.230096389693378076e-02 1.345113400485014113e-02 5.274343327640466927e-02 2.305486394919068968e-02 1.496785763344728355e-02
1.842733267502122754e-02 1.363083088294502962e-02 2.483064370945102864e-02 9.362351904019858631e-03 2.374622991181698020e-02 3.804293878464266171e-02 1.722043144520144300e-02 1.351734999691012531e-02 6.529534774584751233e-02 3.181512046551300543e-02
1.048701763623798716e-02 8.699736871906225966e-02 3.505883016218675624e-02 1.348525209964129834e-02 2.393694846323414158e-02 1.138122122622435388e-02 2.197201360355642216e-02 2.449816186154952710e-02 2.336954596971720088e-02 1.132968161548935232e-01
1.568268036840054017e-02 7.738606036810773484e-03 1.146773415642713019e-02 1.095351908788453482e-02 6.534930725805366755e-03 1.873360537279663077e-02 2.472054850368787804e-02 2.944636654438695378e-02 1.144024680917385059e-02 1.278668404184169806e-02
2.471621837008963068e-02 1.093778158195484254e-02 3.400578658263098825e-02 1.965192636977504057e-02 9.812114337763416447e-03 1.255465077154125676e-02 1.568042568664860734e-02 1.232478554914737470e-02 2.024079303206618996e-02 1.385949828929959778e-02
8.026785268458007383e-03 1.975306340243132217e-02 2.826462853886268015e-02 2.228781049034121720e-02 1.916623735568148690e-02 1.864456859244158909e-02 2.026419006511245846e-02 3.451552318140966441e-02 1.560313976652522028e-02 9.871804930458232680e-03
1.886724451693868806e-02 1.257567139207274934e-02 7.195118979802113054e-03 1.097786396737887929e-02 6.962557288587581383e-02 1.109064678515113075e-02 2.177678926709118723e-02 9.746309548728758487e-03 3.460199207346006944e-02 5.787737406816757108e-02
6.875204470670181860e-03 1.829481236478976494e-02 9.969073050308946415e-03 1.043924656771367913e-02 1.235361766839276551e-02 3.781626967705080389e-02 3.124486609208728186e-02 2.609434785819237171e-02 2.546952737169842426e-02 1.335369980866108440e-02
